Time 0: Idle
Time 1: P1 arrived
Time 1: P1 selected (burst 6)
Time 2: P1 selected (burst 5)
Time 3: P2 arrived
Time 3: P1 selected (burst 4)
Time 4: P1 selected (burst 3)
Time 5: P3 arrived
Time 5: P1 selected (burst 2)
Time 6: P1 selected (burst 1)
Time 7: P1 finished
Time 7: P4 arrived
Time 7: P3 selected (burst 2)
Time 8: P3 selected (burst 1)
Time 9: P3 finished
Time 9: P5 arrived
Time 9: P5 selected (burst 3)
Time 10: P5 selected (burst 2)
Time 11: P5 selected (burst 1)
Time 12: P5 finished
Time 12: P4 selected (burst 8)
Time 13: P4 selected (burst 7)
Time 14: P4 selected (burst 6)
Time 15: P4 selected (burst 5)
Time 16: P4 selected (burst 4)
Time 17: P4 selected (burst 3)
Time 18: P4 selected (burst 2)
Time 19: P4 selected (burst 1)
Time 20: P4 finished
Time 20: P2 selected (burst 12)
Time 21: P2 selected (burst 11)
Time 22: P2 selected (burst 10)
Time 23: P2 selected (burst 9)
Time 24: P2 selected (burst 8)
Time 25: P2 selected (burst 7)
Time 26: P2 selected (burst 6)
Time 27: P2 selected (burst 5)
Time 28: P2 selected (burst 4)
Time 29: P2 selected (burst 3)
Time 30: P2 selected (burst 2)
Time 31: P2 selected (burst 1)
Time 32: P2 finished
Time 32: Idle
Time 33: Idle
Time 34: Idle
Finished at time 35

P1 wait 0 turnaround 6
P2 wait 17 turnaround 29
P3 wait 2 turnaround 4
P4 wait 5 turnaround 13
P5 wait 0 turnaround 3
